
> devreader@0.1.0 dev
> next dev

▲ Next.js 16.2.1 (Turbopack)
- Local:         http://localhost:3000
- Network:       http://192.168.0.2:3000
✓ Ready in 528ms

○ Compiling / ...
 GET / 200 in 9.9s (next.js: 9.0s, application-code: 875ms)
[browser] Encountered a script tag while rendering React component. Scripts inside React components are never executed when rendering on the client. Consider using template tag instead (https://developer.mozilla.org/en-US/docs/Web/HTML/Element/template).
[browser] Uncaught Error: Hydration failed because the server rendered HTML didn't match the client. As a result this tree will be regenerated on the client. This can happen if a SSR-ed Client Component used:

- A server/client branch `if (typeof window !== 'undefined')`.
- Variable input such as `Date.now()` or `Math.random()` which changes each time it's called.
- Date formatting in a user's locale which doesn't match the server.
- External changing data without sending a snapshot of it along with the HTML.
- Invalid HTML tag nesting.

It can also happen if the client has a browser extension installed which messes with the HTML before React loaded.

https://react.dev/link/hydration-mismatch

  ...
    <SessionProvider>
      <ThemeProvider attribute="class" defaultTheme="dark" enableSystem={true} disableTransitionOnChange={true}>
        <J attribute="class" defaultTheme="dark" enableSystem={true} disableTransitionOnChange={true}>
          <V attribute="class" defaultTheme="dark" enableSystem={true} disableTransitionOnChange={true}>
            <script>
            <CommandPalette>
            <Navbar>
              <nav className="border-b b...">
                <div className="max-w-7xl ...">
                  <div className="flex justi...">
                    <div>
                    <div className="flex items...">
                      <button aria-label="Toggle theme" onClick={function onClick} className="p-2 rounde...">
                        <Sun className="h-5 w-5">
                          <svg
                            ref={null}
                            xmlns="http://www.w3.org/2000/svg"
                            width={24}
                            height={24}
                            viewBox="0 0 24 24"
                            fill="none"
                            stroke="currentColor"
                            strokeWidth={2}
                            strokeLinecap="round"
                            strokeLinejoin="round"
+                           className="lucide lucide-sun h-5 w-5"
-                           className="lucide lucide-moon h-5 w-5"
                            aria-hidden="true"
                          >
+                           <circle cx="12" cy="12" r="4">
-                           <path
-                             d="M20.985 12.486a9 9 0 1 1-9.473-9.472c.405-.022.617.46.402.803a6 6 0 0 0 8.268 8.268c...."
-                           >
                            ...
                      ...
            ...

    at <unknown> (https://react.dev/link/hydration-mismatch)
    at circle (<anonymous>)
    at Array.map (<anonymous>)
    at Navbar (src/components/navbar.tsx:29:35)
    at RootLayout (src/app/layout.tsx:36:13)
  27 |               className="p-2 rounded-full hover:bg-[var(--surface-container-low)] text-[va...
  28 |             >
> 29 |               {theme === "dark" ? <Sun className="h-5 w-5" /> : <Moon className="h-5 w-5" />}
     |                                   ^
  30 |             </button>
  31 |
  32 |             {session ? (
○ Compiling /api/collections ...
[next-auth][warn][NEXTAUTH_URL]
https://next-auth.js.org/warnings#nextauth_url
 GET /api/collections 401 in 3.3s (next.js: 3.3s, application-code: 43ms)
 GET / 200 in 102ms (next.js: 8ms, application-code: 95ms)
[browser] Encountered a script tag while rendering React component. Scripts inside React components are never executed when rendering on the client. Consider using template tag instead (https://developer.mozilla.org/en-US/docs/Web/HTML/Element/template).
[browser] Uncaught Error: Hydration failed because the server rendered HTML didn't match the client. As a result this tree will be regenerated on the client. This can happen if a SSR-ed Client Component used:

- A server/client branch `if (typeof window !== 'undefined')`.
- Variable input such as `Date.now()` or `Math.random()` which changes each time it's called.
- Date formatting in a user's locale which doesn't match the server.
- External changing data without sending a snapshot of it along with the HTML.
- Invalid HTML tag nesting.

It can also happen if the client has a browser extension installed which messes with the HTML before React loaded.

https://react.dev/link/hydration-mismatch

  ...
    <SessionProvider>
      <ThemeProvider attribute="class" defaultTheme="dark" enableSystem={true} disableTransitionOnChange={true}>
        <J attribute="class" defaultTheme="dark" enableSystem={true} disableTransitionOnChange={true}>
          <V attribute="class" defaultTheme="dark" enableSystem={true} disableTransitionOnChange={true}>
            <script>
            <CommandPalette>
            <Navbar>
              <nav className="border-b b...">
                <div className="max-w-7xl ...">
                  <div className="flex justi...">
                    <div>
                    <div className="flex items...">
                      <button aria-label="Toggle theme" onClick={function onClick} className="p-2 rounde...">
                        <Sun className="h-5 w-5">
                          <svg
                            ref={null}
                            xmlns="http://www.w3.org/2000/svg"
                            width={24}
                            height={24}
                            viewBox="0 0 24 24"
                            fill="none"
                            stroke="currentColor"
                            strokeWidth={2}
                            strokeLinecap="round"
                            strokeLinejoin="round"
+                           className="lucide lucide-sun h-5 w-5"
-                           className="lucide lucide-moon h-5 w-5"
                            aria-hidden="true"
                          >
+                           <circle cx="12" cy="12" r="4">
-                           <path
-                             d="M20.985 12.486a9 9 0 1 1-9.473-9.472c.405-.022.617.46.402.803a6 6 0 0 0 8.268 8.268c...."
-                           >
                            ...
                      ...
            ...

    at <unknown> (https://react.dev/link/hydration-mismatch)
    at circle (<anonymous>)
    at Array.map (<anonymous>)
    at Navbar (src/components/navbar.tsx:29:35)
    at RootLayout (src/app/layout.tsx:36:13)
  27 |               className="p-2 rounded-full hover:bg-[var(--surface-container-low)] text-[va...
  28 |             >
> 29 |               {theme === "dark" ? <Sun className="h-5 w-5" /> : <Moon className="h-5 w-5" />}
     |                                   ^
  30 |             </button>
  31 |
  32 |             {session ? (
